<?xml version="1.0" encoding="UTF-8"?>
<testng-results skipped="0" failed="0" ignored="0" total="1" passed="1">
  <reporter-output>
  </reporter-output>
  <suite name="Suite" duration-ms="14014" started-at="2023-01-07T20:20:26 IST" finished-at="2023-01-07T20:20:40 IST">
    <groups>
    </groups>
    <test name="Test" duration-ms="14014" started-at="2023-01-07T20:20:26 IST" finished-at="2023-01-07T20:20:40 IST">
      <class name="script.p1">
        <test-method status="PASS" signature="actiLoginScript()[pri:0, instance:script.p1@573f2bb1]" name="actiLoginScript" duration-ms="13952" started-at="2023-01-07T20:20:26 IST" finished-at="2023-01-07T20:20:40 IST">
          <reporter-output>
          </reporter-output>
        </test-method> <!-- actiLoginScript -->
      </class> <!-- script.p1 -->
    </test> <!-- Test -->
  </suite> <!-- Suite -->
</testng-results>
